2014-04-07 16:44:48,272 INFO GNlogger: logging configured
2014-04-07 16:44:48,272 INFO simuladormac.py: __main__ start
2014-04-07 16:44:48,273 INFO GNlogger: logging configured
2014-04-07 16:44:48,274 INFO GNlogger: logging configured
2014-04-07 16:44:48,274 INFO ieee80211mac.ieee80211mac: 100 start
2014-04-07 16:44:48,274 INFO GNlogger: logging configured
2014-04-07 16:44:48,275 INFO GNlogger: logging configured
2014-04-07 16:44:48,275 INFO ieee80211mac.ieee80211mac: 101 start
2014-04-07 16:44:48,276 INFO GNlogger: logging configured
2014-04-07 16:44:48,276 INFO GNlogger: logging configured
2014-04-07 16:44:48,276 INFO ieee80211mac.ieee80211mac: 102 start
2014-04-07 16:44:48,277 INFO simuladormac.py: __main__ Start Consumers
2014-04-07 16:44:48,277 DEBUG <class 'ieee80211mac.ControllerMAC'>: 100 L3 event arrives at the fsm controller
2014-04-07 16:44:48,278 INFO ieee80211mac.ieee80211mac: 100 Receive from L3
2014-04-07 16:44:48,278 INFO ieee80211mac.ieee80211mac: 100 Send Frame
2014-04-07 16:44:48,278 DEBUG ieee80211mac.ieee80211mac: 100 Loop LRC: 0, SRC: 0
2014-04-07 16:44:48,278 DEBUG ieee80211mac.ieee80211mac: 100 freeChannel?
2014-04-07 16:44:48,278 DEBUG ieee80211mac.ieee80211mac: 100 freeChannel: FREE
2014-04-07 16:44:48,278 INFO ieee80211mac.ieee80211mac: 100 Transmit
2014-04-07 16:44:48,278 DEBUG ieee80211mac.ieee80211mac: 100 Send Frame (done)
2014-04-07 16:44:48,279 DEBUG ieee80211mac.ieee80211mac: 100 Send Frame (done)
2014-04-07 16:44:48,279 DEBUG ieee80211mac.ieee80211mac: 100 start timer
2014-04-07 16:44:48,280 DEBUG <class 'ieee80211mac.ControllerMAC'>: 101 L1 data event arrives at the fsm controller
2014-04-07 16:44:48,280 DEBUG <class 'ieee80211mac.ControllerMAC'>: 100 L1 data event arrives at the fsm controller
2014-04-07 16:44:48,280 DEBUG <class 'ieee80211mac.ControllerMAC'>: 102 L1 data event arrives at the fsm controller
2014-04-07 16:44:48,280 INFO ieee80211mac.ieee80211mac: 102 Receive from L1
2014-04-07 16:44:48,280 ERROR ieee80211mac.ieee80211mac: 100 Default transition for symbol: L1Data, state: WAIT_ACK
2014-04-07 16:44:48,280 INFO ieee80211mac.ieee80211mac: 102 Update NAV
2014-04-07 16:44:48,280 INFO ieee80211mac.ieee80211mac: 101 Receive from L1
2014-04-07 16:44:48,280 DEBUG ieee80211mac.ieee80211mac: 102 Get current Time
2014-04-07 16:44:48,281 INFO ieee80211mac.ieee80211mac: 101 Update NAV
2014-04-07 16:44:48,281 DEBUG ieee80211mac.ieee80211mac: 102 Receive L1 data (not for me, ignoring)
2014-04-07 16:44:48,281 DEBUG ieee80211mac.ieee80211mac: 101 Get current Time
2014-04-07 16:44:48,281 DEBUG ieee80211mac.ieee80211mac: 101 Receive L1 data (for me)
2014-04-07 16:44:49,282 INFO ieee80211mac.ieee80211mac: 101 Send ACK
2014-04-07 16:44:49,282 INFO ieee80211mac.ieee80211mac: 101 Send Frame
2014-04-07 16:44:49,283 DEBUG ieee80211mac.ieee80211mac: 101 Loop LRC: 0, SRC: 0
2014-04-07 16:44:49,283 DEBUG ieee80211mac.ieee80211mac: 101 freeChannel?
2014-04-07 16:44:49,283 DEBUG ieee80211mac.ieee80211mac: 101 freeChannel: FREE
2014-04-07 16:44:49,283 INFO ieee80211mac.ieee80211mac: 101 Transmit
2014-04-07 16:44:49,283 DEBUG ieee80211mac.ieee80211mac: 101 Send Frame (done)
2014-04-07 16:44:49,283 DEBUG ieee80211mac.ieee80211mac: 101 Send Frame (done)
2014-04-07 16:44:49,284 DEBUG <class 'ieee80211mac.ControllerMAC'>: 101 L1 control event arrives at the fsm controller
2014-04-07 16:44:49,285 ERROR ieee80211mac.ieee80211mac: 101 Default transition for symbol: ACK, state: IDLE
2014-04-07 16:44:49,285 DEBUG <class 'ieee80211mac.ControllerMAC'>: 100 L1 control event arrives at the fsm controller
2014-04-07 16:44:49,285 DEBUG <class 'ieee80211mac.ControllerMAC'>: 102 L1 control event arrives at the fsm controller
2014-04-07 16:44:49,286 INFO ieee80211mac.ieee80211mac: 100 Receive ACK
2014-04-07 16:44:49,286 ERROR ieee80211mac.ieee80211mac: 102 Default transition for symbol: ACK, state: IDLE
2014-04-07 16:44:49,286 DEBUG ieee80211mac.ieee80211mac: 100 Receive ACK (for me)
